NOTE: Picked up JDK_JAVA_OPTIONS:  --add-opens=java.base/java.lang=ALL-UNNAMED --add-opens=java.base/java.io=ALL-UNNAMED --add-opens=java.base/java.util=ALL-UNNAMED --add-opens=java.base/java.util.concurrent=ALL-UNNAMED --add-opens=java.rmi/sun.rmi.transport=ALL-UNNAMED
04-Oct-2022 14:55:18.907 INFO [main] org.apache.catalina.startup.VersionLoggerListener.log Server version name:   Apache Tomcat/9.0.67
04-Oct-2022 14:55:18.909 INFO [main] org.apache.catalina.startup.VersionLoggerListener.log Server built:          Sep 23 2022 11:22:29 UTC
04-Oct-2022 14:55:18.910 INFO [main] org.apache.catalina.startup.VersionLoggerListener.log Server version number: 9.0.67.0
04-Oct-2022 14:55:18.910 INFO [main] org.apache.catalina.startup.VersionLoggerListener.log OS Name:               Linux
04-Oct-2022 14:55:18.910 INFO [main] org.apache.catalina.startup.VersionLoggerListener.log OS Version:            5.19.0-76051900-generic
04-Oct-2022 14:55:18.910 INFO [main] org.apache.catalina.startup.VersionLoggerListener.log Architecture:          amd64
04-Oct-2022 14:55:18.910 INFO [main] org.apache.catalina.startup.VersionLoggerListener.log Java Home:             /usr/lib/jvm/java-17-openjdk-amd64
04-Oct-2022 14:55:18.910 INFO [main] org.apache.catalina.startup.VersionLoggerListener.log JVM Version:           17.0.4+8-Ubuntu-122.04
04-Oct-2022 14:55:18.910 INFO [main] org.apache.catalina.startup.VersionLoggerListener.log JVM Vendor:            Private Build
04-Oct-2022 14:55:18.910 INFO [main] org.apache.catalina.startup.VersionLoggerListener.log CATALINA_BASE:         /home/vicente/Documents/universidade/lei-ies/lab2/lab2_1/apache-tomcat-9.0.67
04-Oct-2022 14:55:18.910 INFO [main] org.apache.catalina.startup.VersionLoggerListener.log CATALINA_HOME:         /home/vicente/Documents/universidade/lei-ies/lab2/lab2_1/apache-tomcat-9.0.67
04-Oct-2022 14:55:18.915 INFO [main] org.apache.catalina.startup.VersionLoggerListener.log Command line argument: --add-opens=java.base/java.lang=ALL-UNNAMED
04-Oct-2022 14:55:18.915 INFO [main] org.apache.catalina.startup.VersionLoggerListener.log Command line argument: --add-opens=java.base/java.io=ALL-UNNAMED
04-Oct-2022 14:55:18.915 INFO [main] org.apache.catalina.startup.VersionLoggerListener.log Command line argument: --add-opens=java.base/java.util=ALL-UNNAMED
04-Oct-2022 14:55:18.915 INFO [main] org.apache.catalina.startup.VersionLoggerListener.log Command line argument: --add-opens=java.base/java.util.concurrent=ALL-UNNAMED
04-Oct-2022 14:55:18.915 INFO [main] org.apache.catalina.startup.VersionLoggerListener.log Command line argument: --add-opens=java.rmi/sun.rmi.transport=ALL-UNNAMED
04-Oct-2022 14:55:18.916 INFO [main] org.apache.catalina.startup.VersionLoggerListener.log Command line argument: -Djava.util.logging.config.file=/home/vicente/Documents/universidade/lei-ies/lab2/lab2_1/apache-tomcat-9.0.67/conf/logging.properties
04-Oct-2022 14:55:18.916 INFO [main] org.apache.catalina.startup.VersionLoggerListener.log Command line argument: -Djava.util.logging.manager=org.apache.juli.ClassLoaderLogManager
04-Oct-2022 14:55:18.916 INFO [main] org.apache.catalina.startup.VersionLoggerListener.log Command line argument: -Djdk.tls.ephemeralDHKeySize=2048
04-Oct-2022 14:55:18.916 INFO [main] org.apache.catalina.startup.VersionLoggerListener.log Command line argument: -Djava.protocol.handler.pkgs=org.apache.catalina.webresources
04-Oct-2022 14:55:18.916 INFO [main] org.apache.catalina.startup.VersionLoggerListener.log Command line argument: -Dorg.apache.catalina.security.SecurityListener.UMASK=0027
04-Oct-2022 14:55:18.916 INFO [main] org.apache.catalina.startup.VersionLoggerListener.log Command line argument: -Dignore.endorsed.dirs=
04-Oct-2022 14:55:18.916 INFO [main] org.apache.catalina.startup.VersionLoggerListener.log Command line argument: -Dcatalina.base=/home/vicente/Documents/universidade/lei-ies/lab2/lab2_1/apache-tomcat-9.0.67
04-Oct-2022 14:55:18.916 INFO [main] org.apache.catalina.startup.VersionLoggerListener.log Command line argument: -Dcatalina.home=/home/vicente/Documents/universidade/lei-ies/lab2/lab2_1/apache-tomcat-9.0.67
04-Oct-2022 14:55:18.916 INFO [main] org.apache.catalina.startup.VersionLoggerListener.log Command line argument: -Djava.io.tmpdir=/home/vicente/Documents/universidade/lei-ies/lab2/lab2_1/apache-tomcat-9.0.67/temp
04-Oct-2022 14:55:18.917 INFO [main] org.apache.catalina.core.AprLifecycleListener.lifecycleEvent The Apache Tomcat Native library which allows using OpenSSL was not found on the java.library.path: [/usr/java/packages/lib:/usr/lib/x86_64-linux-gnu/jni:/lib/x86_64-linux-gnu:/usr/lib/x86_64-linux-gnu:/usr/lib/jni:/lib:/usr/lib]
04-Oct-2022 14:55:19.087 INFO [main] org.apache.coyote.AbstractProtocol.init Initializing ProtocolHandler ["http-nio-8080"]
04-Oct-2022 14:55:19.100 INFO [main] org.apache.catalina.startup.Catalina.load Server initialization in [288] milliseconds
04-Oct-2022 14:55:19.119 INFO [main] org.apache.catalina.core.StandardService.startInternal Starting service [Catalina]
04-Oct-2022 14:55:19.119 INFO [main] org.apache.catalina.core.StandardEngine.startInternal Starting Servlet engine: [Apache Tomcat/9.0.67]
04-Oct-2022 14:55:19.123 INFO [main] org.apache.catalina.startup.HostConfig.deployDirectory Deploying web application directory [/home/vicente/Documents/universidade/lei-ies/lab2/lab2_1/apache-tomcat-9.0.67/webapps/ROOT]
04-Oct-2022 14:55:19.252 INFO [main] org.apache.catalina.startup.HostConfig.deployDirectory Deployment of web application directory [/home/vicente/Documents/universidade/lei-ies/lab2/lab2_1/apache-tomcat-9.0.67/webapps/ROOT] has finished in [129] ms
04-Oct-2022 14:55:19.253 INFO [main] org.apache.catalina.startup.HostConfig.deployDirectory Deploying web application directory [/home/vicente/Documents/universidade/lei-ies/lab2/lab2_1/apache-tomcat-9.0.67/webapps/docs]
04-Oct-2022 14:55:19.263 INFO [main] org.apache.catalina.startup.HostConfig.deployDirectory Deployment of web application directory [/home/vicente/Documents/universidade/lei-ies/lab2/lab2_1/apache-tomcat-9.0.67/webapps/docs] has finished in [10] ms
04-Oct-2022 14:55:19.263 INFO [main] org.apache.catalina.startup.HostConfig.deployDirectory Deploying web application directory [/home/vicente/Documents/universidade/lei-ies/lab2/lab2_1/apache-tomcat-9.0.67/webapps/host-manager]
04-Oct-2022 14:55:19.282 INFO [main] org.apache.catalina.startup.HostConfig.deployDirectory Deployment of web application directory [/home/vicente/Documents/universidade/lei-ies/lab2/lab2_1/apache-tomcat-9.0.67/webapps/host-manager] has finished in [19] ms
04-Oct-2022 14:55:19.282 INFO [main] org.apache.catalina.startup.HostConfig.deployDirectory Deploying web application directory [/home/vicente/Documents/universidade/lei-ies/lab2/lab2_1/apache-tomcat-9.0.67/webapps/manager]
04-Oct-2022 14:55:19.296 INFO [main] org.apache.catalina.startup.HostConfig.deployDirectory Deployment of web application directory [/home/vicente/Documents/universidade/lei-ies/lab2/lab2_1/apache-tomcat-9.0.67/webapps/manager] has finished in [14] ms
04-Oct-2022 14:55:19.296 INFO [main] org.apache.catalina.startup.HostConfig.deployDirectory Deploying web application directory [/home/vicente/Documents/universidade/lei-ies/lab2/lab2_1/apache-tomcat-9.0.67/webapps/examples]
04-Oct-2022 14:55:19.411 INFO [main] org.apache.catalina.startup.HostConfig.deployDirectory Deployment of web application directory [/home/vicente/Documents/universidade/lei-ies/lab2/lab2_1/apache-tomcat-9.0.67/webapps/examples] has finished in [115] ms
04-Oct-2022 14:55:19.413 INFO [main] org.apache.coyote.AbstractProtocol.start Starting ProtocolHandler ["http-nio-8080"]
04-Oct-2022 14:55:19.419 INFO [main] org.apache.catalina.startup.Catalina.start Server startup in [318] milliseconds
04-Oct-2022 14:55:19.421 SEVERE [main] org.apache.catalina.core.StandardServer.await Failed to create server shutdown socket on address [localhost] and port [8005] (base port [8005] and offset [0])
	java.net.BindException: Address already in use
		at java.base/sun.nio.ch.Net.bind0(Native Method)
		at java.base/sun.nio.ch.Net.bind(Net.java:555)
		at java.base/sun.nio.ch.Net.bind(Net.java:544)
		at java.base/sun.nio.ch.NioSocketImpl.bind(NioSocketImpl.java:643)
		at java.base/java.net.ServerSocket.bind(ServerSocket.java:388)
		at java.base/java.net.ServerSocket.<init>(ServerSocket.java:274)
		at org.apache.catalina.core.StandardServer.await(StandardServer.java:580)
		at org.apache.catalina.startup.Catalina.await(Catalina.java:864)
		at org.apache.catalina.startup.Catalina.start(Catalina.java:810)
		at java.base/jdk.internal.reflect.NativeMethodAccessorImpl.invoke0(Native Method)
		at java.base/jdk.internal.reflect.NativeMethodAccessorImpl.invoke(NativeMethodAccessorImpl.java:77)
		at java.base/jdk.internal.reflect.DelegatingMethodAccessorImpl.invoke(DelegatingMethodAccessorImpl.java:43)
		at java.base/java.lang.reflect.Method.invoke(Method.java:568)
		at org.apache.catalina.startup.Bootstrap.start(Bootstrap.java:345)
		at org.apache.catalina.startup.Bootstrap.main(Bootstrap.java:476)
04-Oct-2022 14:55:19.421 INFO [main] org.apache.coyote.AbstractProtocol.pause Pausing ProtocolHandler ["http-nio-8080"]
04-Oct-2022 14:55:19.423 INFO [main] org.apache.catalina.core.StandardService.stopInternal Stopping service [Catalina]
04-Oct-2022 14:55:19.433 INFO [main] org.apache.coyote.AbstractProtocol.stop Stopping ProtocolHandler ["http-nio-8080"]
04-Oct-2022 14:55:19.436 INFO [main] org.apache.coyote.AbstractProtocol.destroy Destroying ProtocolHandler ["http-nio-8080"]
NOTE: Picked up JDK_JAVA_OPTIONS:  --add-opens=java.base/java.lang=ALL-UNNAMED --add-opens=java.base/java.io=ALL-UNNAMED --add-opens=java.base/java.util=ALL-UNNAMED --add-opens=java.base/java.util.concurrent=ALL-UNNAMED --add-opens=java.rmi/sun.rmi.transport=ALL-UNNAMED
04-Oct-2022 14:57:25.435 INFO [main] org.apache.catalina.startup.VersionLoggerListener.log Server version name:   Apache Tomcat/9.0.67
04-Oct-2022 14:57:25.437 INFO [main] org.apache.catalina.startup.VersionLoggerListener.log Server built:          Sep 23 2022 11:22:29 UTC
04-Oct-2022 14:57:25.437 INFO [main] org.apache.catalina.startup.VersionLoggerListener.log Server version number: 9.0.67.0
04-Oct-2022 14:57:25.437 INFO [main] org.apache.catalina.startup.VersionLoggerListener.log OS Name:               Linux
04-Oct-2022 14:57:25.437 INFO [main] org.apache.catalina.startup.VersionLoggerListener.log OS Version:            5.19.0-76051900-generic
04-Oct-2022 14:57:25.438 INFO [main] org.apache.catalina.startup.VersionLoggerListener.log Architecture:          amd64
04-Oct-2022 14:57:25.438 INFO [main] org.apache.catalina.startup.VersionLoggerListener.log Java Home:             /usr/lib/jvm/java-17-openjdk-amd64
04-Oct-2022 14:57:25.438 INFO [main] org.apache.catalina.startup.VersionLoggerListener.log JVM Version:           17.0.4+8-Ubuntu-122.04
04-Oct-2022 14:57:25.438 INFO [main] org.apache.catalina.startup.VersionLoggerListener.log JVM Vendor:            Private Build
04-Oct-2022 14:57:25.438 INFO [main] org.apache.catalina.startup.VersionLoggerListener.log CATALINA_BASE:         /home/vicente/Documents/universidade/lei-ies/lab2/lab2_1/apache-tomcat-9.0.67
04-Oct-2022 14:57:25.438 INFO [main] org.apache.catalina.startup.VersionLoggerListener.log CATALINA_HOME:         /home/vicente/Documents/universidade/lei-ies/lab2/lab2_1/apache-tomcat-9.0.67
04-Oct-2022 14:57:25.443 INFO [main] org.apache.catalina.startup.VersionLoggerListener.log Command line argument: --add-opens=java.base/java.lang=ALL-UNNAMED
04-Oct-2022 14:57:25.443 INFO [main] org.apache.catalina.startup.VersionLoggerListener.log Command line argument: --add-opens=java.base/java.io=ALL-UNNAMED
04-Oct-2022 14:57:25.443 INFO [main] org.apache.catalina.startup.VersionLoggerListener.log Command line argument: --add-opens=java.base/java.util=ALL-UNNAMED
04-Oct-2022 14:57:25.443 INFO [main] org.apache.catalina.startup.VersionLoggerListener.log Command line argument: --add-opens=java.base/java.util.concurrent=ALL-UNNAMED
04-Oct-2022 14:57:25.443 INFO [main] org.apache.catalina.startup.VersionLoggerListener.log Command line argument: --add-opens=java.rmi/sun.rmi.transport=ALL-UNNAMED
04-Oct-2022 14:57:25.443 INFO [main] org.apache.catalina.startup.VersionLoggerListener.log Command line argument: -Djava.util.logging.config.file=/home/vicente/Documents/universidade/lei-ies/lab2/lab2_1/apache-tomcat-9.0.67/conf/logging.properties
04-Oct-2022 14:57:25.443 INFO [main] org.apache.catalina.startup.VersionLoggerListener.log Command line argument: -Djava.util.logging.manager=org.apache.juli.ClassLoaderLogManager
04-Oct-2022 14:57:25.443 INFO [main] org.apache.catalina.startup.VersionLoggerListener.log Command line argument: -Djdk.tls.ephemeralDHKeySize=2048
04-Oct-2022 14:57:25.444 INFO [main] org.apache.catalina.startup.VersionLoggerListener.log Command line argument: -Djava.protocol.handler.pkgs=org.apache.catalina.webresources
04-Oct-2022 14:57:25.444 INFO [main] org.apache.catalina.startup.VersionLoggerListener.log Command line argument: -Dorg.apache.catalina.security.SecurityListener.UMASK=0027
04-Oct-2022 14:57:25.444 INFO [main] org.apache.catalina.startup.VersionLoggerListener.log Command line argument: -Dignore.endorsed.dirs=
04-Oct-2022 14:57:25.444 INFO [main] org.apache.catalina.startup.VersionLoggerListener.log Command line argument: -Dcatalina.base=/home/vicente/Documents/universidade/lei-ies/lab2/lab2_1/apache-tomcat-9.0.67
04-Oct-2022 14:57:25.444 INFO [main] org.apache.catalina.startup.VersionLoggerListener.log Command line argument: -Dcatalina.home=/home/vicente/Documents/universidade/lei-ies/lab2/lab2_1/apache-tomcat-9.0.67
04-Oct-2022 14:57:25.444 INFO [main] org.apache.catalina.startup.VersionLoggerListener.log Command line argument: -Djava.io.tmpdir=/home/vicente/Documents/universidade/lei-ies/lab2/lab2_1/apache-tomcat-9.0.67/temp
04-Oct-2022 14:57:25.445 INFO [main] org.apache.catalina.core.AprLifecycleListener.lifecycleEvent The Apache Tomcat Native library which allows using OpenSSL was not found on the java.library.path: [/usr/java/packages/lib:/usr/lib/x86_64-linux-gnu/jni:/lib/x86_64-linux-gnu:/usr/lib/x86_64-linux-gnu:/usr/lib/jni:/lib:/usr/lib]
04-Oct-2022 14:57:25.605 INFO [main] org.apache.coyote.AbstractProtocol.init Initializing ProtocolHandler ["http-nio-8080"]
04-Oct-2022 14:57:25.618 INFO [main] org.apache.catalina.startup.Catalina.load Server initialization in [276] milliseconds
04-Oct-2022 14:57:25.637 INFO [main] org.apache.catalina.core.StandardService.startInternal Starting service [Catalina]
04-Oct-2022 14:57:25.637 INFO [main] org.apache.catalina.core.StandardEngine.startInternal Starting Servlet engine: [Apache Tomcat/9.0.67]
04-Oct-2022 14:57:25.641 INFO [main] org.apache.catalina.startup.HostConfig.deployDirectory Deploying web application directory [/home/vicente/Documents/universidade/lei-ies/lab2/lab2_1/apache-tomcat-9.0.67/webapps/ROOT]
04-Oct-2022 14:57:25.775 INFO [main] org.apache.catalina.startup.HostConfig.deployDirectory Deployment of web application directory [/home/vicente/Documents/universidade/lei-ies/lab2/lab2_1/apache-tomcat-9.0.67/webapps/ROOT] has finished in [134] ms
04-Oct-2022 14:57:25.775 INFO [main] org.apache.catalina.startup.HostConfig.deployDirectory Deploying web application directory [/home/vicente/Documents/universidade/lei-ies/lab2/lab2_1/apache-tomcat-9.0.67/webapps/docs]
04-Oct-2022 14:57:25.786 INFO [main] org.apache.catalina.startup.HostConfig.deployDirectory Deployment of web application directory [/home/vicente/Documents/universidade/lei-ies/lab2/lab2_1/apache-tomcat-9.0.67/webapps/docs] has finished in [11] ms
04-Oct-2022 14:57:25.786 INFO [main] org.apache.catalina.startup.HostConfig.deployDirectory Deploying web application directory [/home/vicente/Documents/universidade/lei-ies/lab2/lab2_1/apache-tomcat-9.0.67/webapps/host-manager]
04-Oct-2022 14:57:25.803 INFO [main] org.apache.catalina.startup.HostConfig.deployDirectory Deployment of web application directory [/home/vicente/Documents/universidade/lei-ies/lab2/lab2_1/apache-tomcat-9.0.67/webapps/host-manager] has finished in [17] ms
04-Oct-2022 14:57:25.804 INFO [main] org.apache.catalina.startup.HostConfig.deployDirectory Deploying web application directory [/home/vicente/Documents/universidade/lei-ies/lab2/lab2_1/apache-tomcat-9.0.67/webapps/manager]
04-Oct-2022 14:57:25.818 INFO [main] org.apache.catalina.startup.HostConfig.deployDirectory Deployment of web application directory [/home/vicente/Documents/universidade/lei-ies/lab2/lab2_1/apache-tomcat-9.0.67/webapps/manager] has finished in [14] ms
04-Oct-2022 14:57:25.818 INFO [main] org.apache.catalina.startup.HostConfig.deployDirectory Deploying web application directory [/home/vicente/Documents/universidade/lei-ies/lab2/lab2_1/apache-tomcat-9.0.67/webapps/examples]
04-Oct-2022 14:57:25.934 INFO [main] org.apache.catalina.startup.HostConfig.deployDirectory Deployment of web application directory [/home/vicente/Documents/universidade/lei-ies/lab2/lab2_1/apache-tomcat-9.0.67/webapps/examples] has finished in [115] ms
04-Oct-2022 14:57:25.935 INFO [main] org.apache.coyote.AbstractProtocol.start Starting ProtocolHandler ["http-nio-8080"]
04-Oct-2022 14:57:25.941 INFO [main] org.apache.catalina.startup.Catalina.start Server startup in [323] milliseconds
04-Oct-2022 15:02:26.021 INFO [Catalina-utility-1] org.apache.catalina.users.MemoryUserDatabase.backgroundProcess Reloading memory user database [UserDatabase] from updated source [file:/home/vicente/Documents/universidade/lei-ies/lab2/lab2_1/apache-tomcat-9.0.67/conf/tomcat-users.xml]
04-Oct-2022 15:02:34.904 INFO [http-nio-8080-exec-1] org.apache.coyote.http11.Http11Processor.service Error parsing HTTP request header
 Note: further occurrences of HTTP request parsing errors will be logged at DEBUG level.
	java.lang.IllegalArgumentException: Invalid character found in method name [0x160x030x010x020x000x010x000x010xfc0x030x030x1d0x1d0xda0x8d0x930xeab0xbf0x960x13\0xb50xc20xb70xd90x05-0x1bI0xa30xa7+d0xa2Z0x0dX0xe00x15p0xe1D ]. HTTP method names must be tokens
		at org.apache.coyote.http11.Http11InputBuffer.parseRequestLine(Http11InputBuffer.java:419)
		at org.apache.coyote.http11.Http11Processor.service(Http11Processor.java:271)
		at org.apache.coyote.AbstractProcessorLight.process(AbstractProcessorLight.java:65)
		at org.apache.coyote.AbstractProtocol$ConnectionHandler.process(AbstractProtocol.java:893)
		at org.apache.tomcat.util.net.NioEndpoint$SocketProcessor.doRun(NioEndpoint.java:1789)
		at org.apache.tomcat.util.net.SocketProcessorBase.run(SocketProcessorBase.java:49)
		at org.apache.tomcat.util.threads.ThreadPoolExecutor.runWorker(ThreadPoolExecutor.java:1191)
		at org.apache.tomcat.util.threads.ThreadPoolExecutor$Worker.run(ThreadPoolExecutor.java:659)
		at org.apache.tomcat.util.threads.TaskThread$WrappingRunnable.run(TaskThread.java:61)
		at java.base/java.lang.Thread.run(Thread.java:833)
04-Oct-2022 15:31:31.416 INFO [Thread-1] org.apache.coyote.AbstractProtocol.pause Pausing ProtocolHandler ["http-nio-8080"]
04-Oct-2022 15:31:31.418 INFO [Thread-1] org.apache.catalina.core.StandardService.stopInternal Stopping service [Catalina]
04-Oct-2022 15:31:31.444 INFO [Thread-1] org.apache.coyote.AbstractProtocol.stop Stopping ProtocolHandler ["http-nio-8080"]
04-Oct-2022 15:31:31.451 INFO [Thread-1] org.apache.coyote.AbstractProtocol.destroy Destroying ProtocolHandler ["http-nio-8080"]
NOTE: Picked up JDK_JAVA_OPTIONS:  --add-opens=java.base/java.lang=ALL-UNNAMED --add-opens=java.base/java.io=ALL-UNNAMED --add-opens=java.base/java.util=ALL-UNNAMED --add-opens=java.base/java.util.concurrent=ALL-UNNAMED --add-opens=java.rmi/sun.rmi.transport=ALL-UNNAMED
04-Oct-2022 15:44:57.784 INFO [main] org.apache.catalina.startup.VersionLoggerListener.log Server version name:   Apache Tomcat/9.0.67
04-Oct-2022 15:44:57.787 INFO [main] org.apache.catalina.startup.VersionLoggerListener.log Server built:          Sep 23 2022 11:22:29 UTC
04-Oct-2022 15:44:57.787 INFO [main] org.apache.catalina.startup.VersionLoggerListener.log Server version number: 9.0.67.0
04-Oct-2022 15:44:57.787 INFO [main] org.apache.catalina.startup.VersionLoggerListener.log OS Name:               Linux
04-Oct-2022 15:44:57.787 INFO [main] org.apache.catalina.startup.VersionLoggerListener.log OS Version:            5.19.0-76051900-generic
04-Oct-2022 15:44:57.787 INFO [main] org.apache.catalina.startup.VersionLoggerListener.log Architecture:          amd64
04-Oct-2022 15:44:57.787 INFO [main] org.apache.catalina.startup.VersionLoggerListener.log Java Home:             /usr/lib/jvm/java-17-openjdk-amd64
04-Oct-2022 15:44:57.787 INFO [main] org.apache.catalina.startup.VersionLoggerListener.log JVM Version:           17.0.4+8-Ubuntu-122.04
04-Oct-2022 15:44:57.787 INFO [main] org.apache.catalina.startup.VersionLoggerListener.log JVM Vendor:            Private Build
04-Oct-2022 15:44:57.787 INFO [main] org.apache.catalina.startup.VersionLoggerListener.log CATALINA_BASE:         /home/vicente/Documents/universidade/lei-ies/lab2/lab2_1/apache-tomcat-9.0.67
04-Oct-2022 15:44:57.787 INFO [main] org.apache.catalina.startup.VersionLoggerListener.log CATALINA_HOME:         /home/vicente/Documents/universidade/lei-ies/lab2/lab2_1/apache-tomcat-9.0.67
04-Oct-2022 15:44:57.792 INFO [main] org.apache.catalina.startup.VersionLoggerListener.log Command line argument: --add-opens=java.base/java.lang=ALL-UNNAMED
04-Oct-2022 15:44:57.792 INFO [main] org.apache.catalina.startup.VersionLoggerListener.log Command line argument: --add-opens=java.base/java.io=ALL-UNNAMED
04-Oct-2022 15:44:57.792 INFO [main] org.apache.catalina.startup.VersionLoggerListener.log Command line argument: --add-opens=java.base/java.util=ALL-UNNAMED
04-Oct-2022 15:44:57.793 INFO [main] org.apache.catalina.startup.VersionLoggerListener.log Command line argument: --add-opens=java.base/java.util.concurrent=ALL-UNNAMED
04-Oct-2022 15:44:57.793 INFO [main] org.apache.catalina.startup.VersionLoggerListener.log Command line argument: --add-opens=java.rmi/sun.rmi.transport=ALL-UNNAMED
04-Oct-2022 15:44:57.793 INFO [main] org.apache.catalina.startup.VersionLoggerListener.log Command line argument: -Djava.util.logging.config.file=/home/vicente/Documents/universidade/lei-ies/lab2/lab2_1/apache-tomcat-9.0.67/conf/logging.properties
04-Oct-2022 15:44:57.793 INFO [main] org.apache.catalina.startup.VersionLoggerListener.log Command line argument: -Djava.util.logging.manager=org.apache.juli.ClassLoaderLogManager
04-Oct-2022 15:44:57.793 INFO [main] org.apache.catalina.startup.VersionLoggerListener.log Command line argument: -Djdk.tls.ephemeralDHKeySize=2048
04-Oct-2022 15:44:57.793 INFO [main] org.apache.catalina.startup.VersionLoggerListener.log Command line argument: -Djava.protocol.handler.pkgs=org.apache.catalina.webresources
04-Oct-2022 15:44:57.793 INFO [main] org.apache.catalina.startup.VersionLoggerListener.log Command line argument: -Dorg.apache.catalina.security.SecurityListener.UMASK=0027
04-Oct-2022 15:44:57.793 INFO [main] org.apache.catalina.startup.VersionLoggerListener.log Command line argument: -Dignore.endorsed.dirs=
04-Oct-2022 15:44:57.793 INFO [main] org.apache.catalina.startup.VersionLoggerListener.log Command line argument: -Dcatalina.base=/home/vicente/Documents/universidade/lei-ies/lab2/lab2_1/apache-tomcat-9.0.67
04-Oct-2022 15:44:57.793 INFO [main] org.apache.catalina.startup.VersionLoggerListener.log Command line argument: -Dcatalina.home=/home/vicente/Documents/universidade/lei-ies/lab2/lab2_1/apache-tomcat-9.0.67
04-Oct-2022 15:44:57.793 INFO [main] org.apache.catalina.startup.VersionLoggerListener.log Command line argument: -Djava.io.tmpdir=/home/vicente/Documents/universidade/lei-ies/lab2/lab2_1/apache-tomcat-9.0.67/temp
04-Oct-2022 15:44:57.794 INFO [main] org.apache.catalina.core.AprLifecycleListener.lifecycleEvent The Apache Tomcat Native library which allows using OpenSSL was not found on the java.library.path: [/usr/java/packages/lib:/usr/lib/x86_64-linux-gnu/jni:/lib/x86_64-linux-gnu:/usr/lib/x86_64-linux-gnu:/usr/lib/jni:/lib:/usr/lib]
04-Oct-2022 15:44:57.958 INFO [main] org.apache.coyote.AbstractProtocol.init Initializing ProtocolHandler ["http-nio-8080"]
04-Oct-2022 15:44:57.970 INFO [main] org.apache.catalina.startup.Catalina.load Server initialization in [283] milliseconds
04-Oct-2022 15:44:57.991 INFO [main] org.apache.catalina.core.StandardService.startInternal Starting service [Catalina]
04-Oct-2022 15:44:57.991 INFO [main] org.apache.catalina.core.StandardEngine.startInternal Starting Servlet engine: [Apache Tomcat/9.0.67]
04-Oct-2022 15:44:57.995 INFO [main] org.apache.catalina.startup.HostConfig.deployDirectory Deploying web application directory [/home/vicente/Documents/universidade/lei-ies/lab2/lab2_1/apache-tomcat-9.0.67/webapps/ROOT]
04-Oct-2022 15:44:58.131 INFO [main] org.apache.catalina.startup.HostConfig.deployDirectory Deployment of web application directory [/home/vicente/Documents/universidade/lei-ies/lab2/lab2_1/apache-tomcat-9.0.67/webapps/ROOT] has finished in [137] ms
04-Oct-2022 15:44:58.132 INFO [main] org.apache.catalina.startup.HostConfig.deployDirectory Deploying web application directory [/home/vicente/Documents/universidade/lei-ies/lab2/lab2_1/apache-tomcat-9.0.67/webapps/docs]
04-Oct-2022 15:44:58.142 INFO [main] org.apache.catalina.startup.HostConfig.deployDirectory Deployment of web application directory [/home/vicente/Documents/universidade/lei-ies/lab2/lab2_1/apache-tomcat-9.0.67/webapps/docs] has finished in [10] ms
04-Oct-2022 15:44:58.142 INFO [main] org.apache.catalina.startup.HostConfig.deployDirectory Deploying web application directory [/home/vicente/Documents/universidade/lei-ies/lab2/lab2_1/apache-tomcat-9.0.67/webapps/host-manager]
04-Oct-2022 15:44:58.161 INFO [main] org.apache.catalina.startup.HostConfig.deployDirectory Deployment of web application directory [/home/vicente/Documents/universidade/lei-ies/lab2/lab2_1/apache-tomcat-9.0.67/webapps/host-manager] has finished in [19] ms
04-Oct-2022 15:44:58.161 INFO [main] org.apache.catalina.startup.HostConfig.deployDirectory Deploying web application directory [/home/vicente/Documents/universidade/lei-ies/lab2/lab2_1/apache-tomcat-9.0.67/webapps/manager]
04-Oct-2022 15:44:58.185 INFO [main] org.apache.catalina.startup.HostConfig.deployDirectory Deployment of web application directory [/home/vicente/Documents/universidade/lei-ies/lab2/lab2_1/apache-tomcat-9.0.67/webapps/manager] has finished in [24] ms
04-Oct-2022 15:44:58.185 INFO [main] org.apache.catalina.startup.HostConfig.deployDirectory Deploying web application directory [/home/vicente/Documents/universidade/lei-ies/lab2/lab2_1/apache-tomcat-9.0.67/webapps/examples]
04-Oct-2022 15:44:58.301 INFO [main] org.apache.catalina.startup.HostConfig.deployDirectory Deployment of web application directory [/home/vicente/Documents/universidade/lei-ies/lab2/lab2_1/apache-tomcat-9.0.67/webapps/examples] has finished in [116] ms
04-Oct-2022 15:44:58.303 INFO [main] org.apache.coyote.AbstractProtocol.start Starting ProtocolHandler ["http-nio-8080"]
04-Oct-2022 15:44:58.309 INFO [main] org.apache.catalina.startup.Catalina.start Server startup in [338] milliseconds
04-Oct-2022 15:46:16.495 INFO [http-nio-8080-exec-5] org.apache.catalina.startup.HostConfig.deployWAR Deploying web application archive [/home/vicente/Documents/universidade/lei-ies/lab2/lab2_1/apache-tomcat-9.0.67/webapps/webapp-1.0-SNAPSHOT.war]
04-Oct-2022 15:46:16.509 INFO [http-nio-8080-exec-5] org.apache.catalina.startup.HostConfig.deployWAR Deployment of web application archive [/home/vicente/Documents/universidade/lei-ies/lab2/lab2_1/apache-tomcat-9.0.67/webapps/webapp-1.0-SNAPSHOT.war] has finished in [15] ms
04-Oct-2022 15:49:21.743 WARNING [main] org.apache.catalina.core.StandardServer.await Invalid shutdown command [] received
NOTE: Picked up JDK_JAVA_OPTIONS:  --add-opens=java.base/java.lang=ALL-UNNAMED --add-opens=java.base/java.io=ALL-UNNAMED --add-opens=java.base/java.util=ALL-UNNAMED --add-opens=java.base/java.util.concurrent=ALL-UNNAMED --add-opens=java.rmi/sun.rmi.transport=ALL-UNNAMED
11-Oct-2022 18:17:39.334 INFO [main] org.apache.catalina.startup.VersionLoggerListener.log Server version name:   Apache Tomcat/9.0.67
11-Oct-2022 18:17:39.337 INFO [main] org.apache.catalina.startup.VersionLoggerListener.log Server built:          Sep 23 2022 11:22:29 UTC
11-Oct-2022 18:17:39.337 INFO [main] org.apache.catalina.startup.VersionLoggerListener.log Server version number: 9.0.67.0
11-Oct-2022 18:17:39.337 INFO [main] org.apache.catalina.startup.VersionLoggerListener.log OS Name:               Linux
11-Oct-2022 18:17:39.338 INFO [main] org.apache.catalina.startup.VersionLoggerListener.log OS Version:            5.19.0-76051900-generic
11-Oct-2022 18:17:39.338 INFO [main] org.apache.catalina.startup.VersionLoggerListener.log Architecture:          amd64
11-Oct-2022 18:17:39.338 INFO [main] org.apache.catalina.startup.VersionLoggerListener.log Java Home:             /usr/lib/jvm/java-17-openjdk-amd64
11-Oct-2022 18:17:39.338 INFO [main] org.apache.catalina.startup.VersionLoggerListener.log JVM Version:           17.0.4+8-Ubuntu-122.04
11-Oct-2022 18:17:39.338 INFO [main] org.apache.catalina.startup.VersionLoggerListener.log JVM Vendor:            Private Build
11-Oct-2022 18:17:39.338 INFO [main] org.apache.catalina.startup.VersionLoggerListener.log CATALINA_BASE:         /home/vicente/Documents/universidade/lei-ies/lab2/lab2_1/apache-tomcat-9.0.67
11-Oct-2022 18:17:39.338 INFO [main] org.apache.catalina.startup.VersionLoggerListener.log CATALINA_HOME:         /home/vicente/Documents/universidade/lei-ies/lab2/lab2_1/apache-tomcat-9.0.67
11-Oct-2022 18:17:39.347 INFO [main] org.apache.catalina.startup.VersionLoggerListener.log Command line argument: --add-opens=java.base/java.lang=ALL-UNNAMED
11-Oct-2022 18:17:39.347 INFO [main] org.apache.catalina.startup.VersionLoggerListener.log Command line argument: --add-opens=java.base/java.io=ALL-UNNAMED
11-Oct-2022 18:17:39.347 INFO [main] org.apache.catalina.startup.VersionLoggerListener.log Command line argument: --add-opens=java.base/java.util=ALL-UNNAMED
11-Oct-2022 18:17:39.347 INFO [main] org.apache.catalina.startup.VersionLoggerListener.log Command line argument: --add-opens=java.base/java.util.concurrent=ALL-UNNAMED
11-Oct-2022 18:17:39.347 INFO [main] org.apache.catalina.startup.VersionLoggerListener.log Command line argument: --add-opens=java.rmi/sun.rmi.transport=ALL-UNNAMED
11-Oct-2022 18:17:39.347 INFO [main] org.apache.catalina.startup.VersionLoggerListener.log Command line argument: -Djava.util.logging.config.file=/home/vicente/Documents/universidade/lei-ies/lab2/lab2_1/apache-tomcat-9.0.67/conf/logging.properties
11-Oct-2022 18:17:39.347 INFO [main] org.apache.catalina.startup.VersionLoggerListener.log Command line argument: -Djava.util.logging.manager=org.apache.juli.ClassLoaderLogManager
11-Oct-2022 18:17:39.348 INFO [main] org.apache.catalina.startup.VersionLoggerListener.log Command line argument: -Djdk.tls.ephemeralDHKeySize=2048
11-Oct-2022 18:17:39.348 INFO [main] org.apache.catalina.startup.VersionLoggerListener.log Command line argument: -Djava.protocol.handler.pkgs=org.apache.catalina.webresources
11-Oct-2022 18:17:39.348 INFO [main] org.apache.catalina.startup.VersionLoggerListener.log Command line argument: -Dorg.apache.catalina.security.SecurityListener.UMASK=0027
11-Oct-2022 18:17:39.348 INFO [main] org.apache.catalina.startup.VersionLoggerListener.log Command line argument: -Dignore.endorsed.dirs=
11-Oct-2022 18:17:39.348 INFO [main] org.apache.catalina.startup.VersionLoggerListener.log Command line argument: -Dcatalina.base=/home/vicente/Documents/universidade/lei-ies/lab2/lab2_1/apache-tomcat-9.0.67
11-Oct-2022 18:17:39.348 INFO [main] org.apache.catalina.startup.VersionLoggerListener.log Command line argument: -Dcatalina.home=/home/vicente/Documents/universidade/lei-ies/lab2/lab2_1/apache-tomcat-9.0.67
11-Oct-2022 18:17:39.348 INFO [main] org.apache.catalina.startup.VersionLoggerListener.log Command line argument: -Djava.io.tmpdir=/home/vicente/Documents/universidade/lei-ies/lab2/lab2_1/apache-tomcat-9.0.67/temp
11-Oct-2022 18:17:39.350 INFO [main] org.apache.catalina.core.AprLifecycleListener.lifecycleEvent The Apache Tomcat Native library which allows using OpenSSL was not found on the java.library.path: [/usr/java/packages/lib:/usr/lib/x86_64-linux-gnu/jni:/lib/x86_64-linux-gnu:/usr/lib/x86_64-linux-gnu:/usr/lib/jni:/lib:/usr/lib]
11-Oct-2022 18:17:39.554 INFO [main] org.apache.coyote.AbstractProtocol.init Initializing ProtocolHandler ["http-nio-8080"]
11-Oct-2022 18:17:39.570 INFO [main] org.apache.catalina.startup.Catalina.load Server initialization in [368] milliseconds
11-Oct-2022 18:17:39.595 INFO [main] org.apache.catalina.core.StandardService.startInternal Starting service [Catalina]
11-Oct-2022 18:17:39.595 INFO [main] org.apache.catalina.core.StandardEngine.startInternal Starting Servlet engine: [Apache Tomcat/9.0.67]
11-Oct-2022 18:17:39.603 INFO [main] org.apache.catalina.startup.HostConfig.deployWAR Deploying web application archive [/home/vicente/Documents/universidade/lei-ies/lab2/lab2_1/apache-tomcat-9.0.67/webapps/webapp-1.0-SNAPSHOT.war]
11-Oct-2022 18:17:39.751 INFO [main] org.apache.catalina.startup.HostConfig.deployWAR Deployment of web application archive [/home/vicente/Documents/universidade/lei-ies/lab2/lab2_1/apache-tomcat-9.0.67/webapps/webapp-1.0-SNAPSHOT.war] has finished in [147] ms
11-Oct-2022 18:17:39.751 INFO [main] org.apache.catalina.startup.HostConfig.deployDirectory Deploying web application directory [/home/vicente/Documents/universidade/lei-ies/lab2/lab2_1/apache-tomcat-9.0.67/webapps/ROOT]
11-Oct-2022 18:17:39.765 INFO [main] org.apache.catalina.startup.HostConfig.deployDirectory Deployment of web application directory [/home/vicente/Documents/universidade/lei-ies/lab2/lab2_1/apache-tomcat-9.0.67/webapps/ROOT] has finished in [14] ms
11-Oct-2022 18:17:39.765 INFO [main] org.apache.catalina.startup.HostConfig.deployDirectory Deploying web application directory [/home/vicente/Documents/universidade/lei-ies/lab2/lab2_1/apache-tomcat-9.0.67/webapps/docs]
11-Oct-2022 18:17:39.776 INFO [main] org.apache.catalina.startup.HostConfig.deployDirectory Deployment of web application directory [/home/vicente/Documents/universidade/lei-ies/lab2/lab2_1/apache-tomcat-9.0.67/webapps/docs] has finished in [10] ms
11-Oct-2022 18:17:39.776 INFO [main] org.apache.catalina.startup.HostConfig.deployDirectory Deploying web application directory [/home/vicente/Documents/universidade/lei-ies/lab2/lab2_1/apache-tomcat-9.0.67/webapps/host-manager]
11-Oct-2022 18:17:39.796 INFO [main] org.apache.catalina.startup.HostConfig.deployDirectory Deployment of web application directory [/home/vicente/Documents/universidade/lei-ies/lab2/lab2_1/apache-tomcat-9.0.67/webapps/host-manager] has finished in [20] ms
11-Oct-2022 18:17:39.796 INFO [main] org.apache.catalina.startup.HostConfig.deployDirectory Deploying web application directory [/home/vicente/Documents/universidade/lei-ies/lab2/lab2_1/apache-tomcat-9.0.67/webapps/manager]
11-Oct-2022 18:17:39.815 INFO [main] org.apache.catalina.startup.HostConfig.deployDirectory Deployment of web application directory [/home/vicente/Documents/universidade/lei-ies/lab2/lab2_1/apache-tomcat-9.0.67/webapps/manager] has finished in [18] ms
11-Oct-2022 18:17:39.815 INFO [main] org.apache.catalina.startup.HostConfig.deployDirectory Deploying web application directory [/home/vicente/Documents/universidade/lei-ies/lab2/lab2_1/apache-tomcat-9.0.67/webapps/examples]
11-Oct-2022 18:17:39.949 INFO [main] org.apache.catalina.startup.HostConfig.deployDirectory Deployment of web application directory [/home/vicente/Documents/universidade/lei-ies/lab2/lab2_1/apache-tomcat-9.0.67/webapps/examples] has finished in [134] ms
11-Oct-2022 18:17:39.951 INFO [main] org.apache.coyote.AbstractProtocol.start Starting ProtocolHandler ["http-nio-8080"]
11-Oct-2022 18:17:39.957 INFO [main] org.apache.catalina.startup.Catalina.start Server startup in [387] milliseconds
11-Oct-2022 18:17:53.625 INFO [Thread-1] org.apache.coyote.AbstractProtocol.pause Pausing ProtocolHandler ["http-nio-8080"]
11-Oct-2022 18:17:53.628 INFO [Thread-1] org.apache.catalina.core.StandardService.stopInternal Stopping service [Catalina]
11-Oct-2022 18:17:53.644 INFO [Thread-1] org.apache.coyote.AbstractProtocol.stop Stopping ProtocolHandler ["http-nio-8080"]
11-Oct-2022 18:17:53.651 INFO [Thread-1] org.apache.coyote.AbstractProtocol.destroy Destroying ProtocolHandler ["http-nio-8080"]
NOTE: Picked up JDK_JAVA_OPTIONS:  --add-opens=java.base/java.lang=ALL-UNNAMED --add-opens=java.base/java.io=ALL-UNNAMED --add-opens=java.base/java.util=ALL-UNNAMED --add-opens=java.base/java.util.concurrent=ALL-UNNAMED --add-opens=java.rmi/sun.rmi.transport=ALL-UNNAMED
11-Oct-2022 18:18:34.399 INFO [main] org.apache.catalina.startup.VersionLoggerListener.log Server version name:   Apache Tomcat/9.0.67
11-Oct-2022 18:18:34.402 INFO [main] org.apache.catalina.startup.VersionLoggerListener.log Server built:          Sep 23 2022 11:22:29 UTC
11-Oct-2022 18:18:34.402 INFO [main] org.apache.catalina.startup.VersionLoggerListener.log Server version number: 9.0.67.0
11-Oct-2022 18:18:34.402 INFO [main] org.apache.catalina.startup.VersionLoggerListener.log OS Name:               Linux
11-Oct-2022 18:18:34.402 INFO [main] org.apache.catalina.startup.VersionLoggerListener.log OS Version:            5.19.0-76051900-generic
11-Oct-2022 18:18:34.402 INFO [main] org.apache.catalina.startup.VersionLoggerListener.log Architecture:          amd64
11-Oct-2022 18:18:34.402 INFO [main] org.apache.catalina.startup.VersionLoggerListener.log Java Home:             /usr/lib/jvm/java-17-openjdk-amd64
11-Oct-2022 18:18:34.402 INFO [main] org.apache.catalina.startup.VersionLoggerListener.log JVM Version:           17.0.4+8-Ubuntu-122.04
11-Oct-2022 18:18:34.403 INFO [main] org.apache.catalina.startup.VersionLoggerListener.log JVM Vendor:            Private Build
11-Oct-2022 18:18:34.403 INFO [main] org.apache.catalina.startup.VersionLoggerListener.log CATALINA_BASE:         /home/vicente/Documents/universidade/lei-ies/lab2/lab2_1/apache-tomcat-9.0.67
11-Oct-2022 18:18:34.403 INFO [main] org.apache.catalina.startup.VersionLoggerListener.log CATALINA_HOME:         /home/vicente/Documents/universidade/lei-ies/lab2/lab2_1/apache-tomcat-9.0.67
11-Oct-2022 18:18:34.408 INFO [main] org.apache.catalina.startup.VersionLoggerListener.log Command line argument: --add-opens=java.base/java.lang=ALL-UNNAMED
11-Oct-2022 18:18:34.408 INFO [main] org.apache.catalina.startup.VersionLoggerListener.log Command line argument: --add-opens=java.base/java.io=ALL-UNNAMED
11-Oct-2022 18:18:34.408 INFO [main] org.apache.catalina.startup.VersionLoggerListener.log Command line argument: --add-opens=java.base/java.util=ALL-UNNAMED
11-Oct-2022 18:18:34.408 INFO [main] org.apache.catalina.startup.VersionLoggerListener.log Command line argument: --add-opens=java.base/java.util.concurrent=ALL-UNNAMED
11-Oct-2022 18:18:34.408 INFO [main] org.apache.catalina.startup.VersionLoggerListener.log Command line argument: --add-opens=java.rmi/sun.rmi.transport=ALL-UNNAMED
11-Oct-2022 18:18:34.408 INFO [main] org.apache.catalina.startup.VersionLoggerListener.log Command line argument: -Djava.util.logging.config.file=/home/vicente/Documents/universidade/lei-ies/lab2/lab2_1/apache-tomcat-9.0.67/conf/logging.properties
11-Oct-2022 18:18:34.408 INFO [main] org.apache.catalina.startup.VersionLoggerListener.log Command line argument: -Djava.util.logging.manager=org.apache.juli.ClassLoaderLogManager
11-Oct-2022 18:18:34.408 INFO [main] org.apache.catalina.startup.VersionLoggerListener.log Command line argument: -Djdk.tls.ephemeralDHKeySize=2048
11-Oct-2022 18:18:34.409 INFO [main] org.apache.catalina.startup.VersionLoggerListener.log Command line argument: -Djava.protocol.handler.pkgs=org.apache.catalina.webresources
11-Oct-2022 18:18:34.409 INFO [main] org.apache.catalina.startup.VersionLoggerListener.log Command line argument: -Dorg.apache.catalina.security.SecurityListener.UMASK=0027
11-Oct-2022 18:18:34.409 INFO [main] org.apache.catalina.startup.VersionLoggerListener.log Command line argument: -Dignore.endorsed.dirs=
11-Oct-2022 18:18:34.409 INFO [main] org.apache.catalina.startup.VersionLoggerListener.log Command line argument: -Dcatalina.base=/home/vicente/Documents/universidade/lei-ies/lab2/lab2_1/apache-tomcat-9.0.67
11-Oct-2022 18:18:34.409 INFO [main] org.apache.catalina.startup.VersionLoggerListener.log Command line argument: -Dcatalina.home=/home/vicente/Documents/universidade/lei-ies/lab2/lab2_1/apache-tomcat-9.0.67
11-Oct-2022 18:18:34.409 INFO [main] org.apache.catalina.startup.VersionLoggerListener.log Command line argument: -Djava.io.tmpdir=/home/vicente/Documents/universidade/lei-ies/lab2/lab2_1/apache-tomcat-9.0.67/temp
11-Oct-2022 18:18:34.410 INFO [main] org.apache.catalina.core.AprLifecycleListener.lifecycleEvent The Apache Tomcat Native library which allows using OpenSSL was not found on the java.library.path: [/usr/java/packages/lib:/usr/lib/x86_64-linux-gnu/jni:/lib/x86_64-linux-gnu:/usr/lib/x86_64-linux-gnu:/usr/lib/jni:/lib:/usr/lib]
11-Oct-2022 18:18:34.589 INFO [main] org.apache.coyote.AbstractProtocol.init Initializing ProtocolHandler ["http-nio-8080"]
11-Oct-2022 18:18:34.601 INFO [main] org.apache.catalina.startup.Catalina.load Server initialization in [299] milliseconds
11-Oct-2022 18:18:34.623 INFO [main] org.apache.catalina.core.StandardService.startInternal Starting service [Catalina]
11-Oct-2022 18:18:34.623 INFO [main] org.apache.catalina.core.StandardEngine.startInternal Starting Servlet engine: [Apache Tomcat/9.0.67]
11-Oct-2022 18:18:34.631 INFO [main] org.apache.catalina.startup.HostConfig.deployWAR Deploying web application archive [/home/vicente/Documents/universidade/lei-ies/lab2/lab2_1/apache-tomcat-9.0.67/webapps/webapp-1.0-SNAPSHOT.war]
11-Oct-2022 18:18:34.770 INFO [main] org.apache.catalina.startup.HostConfig.deployWAR Deployment of web application archive [/home/vicente/Documents/universidade/lei-ies/lab2/lab2_1/apache-tomcat-9.0.67/webapps/webapp-1.0-SNAPSHOT.war] has finished in [139] ms
11-Oct-2022 18:18:34.771 INFO [main] org.apache.catalina.startup.HostConfig.deployDirectory Deploying web application directory [/home/vicente/Documents/universidade/lei-ies/lab2/lab2_1/apache-tomcat-9.0.67/webapps/ROOT]
11-Oct-2022 18:18:34.782 INFO [main] org.apache.catalina.startup.HostConfig.deployDirectory Deployment of web application directory [/home/vicente/Documents/universidade/lei-ies/lab2/lab2_1/apache-tomcat-9.0.67/webapps/ROOT] has finished in [10] ms
11-Oct-2022 18:18:34.782 INFO [main] org.apache.catalina.startup.HostConfig.deployDirectory Deploying web application directory [/home/vicente/Documents/universidade/lei-ies/lab2/lab2_1/apache-tomcat-9.0.67/webapps/docs]
11-Oct-2022 18:18:34.792 INFO [main] org.apache.catalina.startup.HostConfig.deployDirectory Deployment of web application directory [/home/vicente/Documents/universidade/lei-ies/lab2/lab2_1/apache-tomcat-9.0.67/webapps/docs] has finished in [10] ms
11-Oct-2022 18:18:34.793 INFO [main] org.apache.catalina.startup.HostConfig.deployDirectory Deploying web application directory [/home/vicente/Documents/universidade/lei-ies/lab2/lab2_1/apache-tomcat-9.0.67/webapps/host-manager]
11-Oct-2022 18:18:34.812 INFO [main] org.apache.catalina.startup.HostConfig.deployDirectory Deployment of web application directory [/home/vicente/Documents/universidade/lei-ies/lab2/lab2_1/apache-tomcat-9.0.67/webapps/host-manager] has finished in [19] ms
11-Oct-2022 18:18:34.812 INFO [main] org.apache.catalina.startup.HostConfig.deployDirectory Deploying web application directory [/home/vicente/Documents/universidade/lei-ies/lab2/lab2_1/apache-tomcat-9.0.67/webapps/manager]
11-Oct-2022 18:18:34.827 INFO [main] org.apache.catalina.startup.HostConfig.deployDirectory Deployment of web application directory [/home/vicente/Documents/universidade/lei-ies/lab2/lab2_1/apache-tomcat-9.0.67/webapps/manager] has finished in [15] ms
11-Oct-2022 18:18:34.827 INFO [main] org.apache.catalina.startup.HostConfig.deployDirectory Deploying web application directory [/home/vicente/Documents/universidade/lei-ies/lab2/lab2_1/apache-tomcat-9.0.67/webapps/examples]
11-Oct-2022 18:18:34.943 INFO [main] org.apache.catalina.startup.HostConfig.deployDirectory Deployment of web application directory [/home/vicente/Documents/universidade/lei-ies/lab2/lab2_1/apache-tomcat-9.0.67/webapps/examples] has finished in [116] ms
11-Oct-2022 18:18:34.945 INFO [main] org.apache.coyote.AbstractProtocol.start Starting ProtocolHandler ["http-nio-8080"]
11-Oct-2022 18:18:34.952 INFO [main] org.apache.catalina.startup.Catalina.start Server startup in [349] milliseconds
11-Oct-2022 18:19:17.389 INFO [Thread-1] org.apache.coyote.AbstractProtocol.pause Pausing ProtocolHandler ["http-nio-8080"]
11-Oct-2022 18:19:17.391 INFO [Thread-1] org.apache.catalina.core.StandardService.stopInternal Stopping service [Catalina]
11-Oct-2022 18:19:17.408 INFO [Thread-1] org.apache.coyote.AbstractProtocol.stop Stopping ProtocolHandler ["http-nio-8080"]
11-Oct-2022 18:19:17.413 INFO [Thread-1] org.apache.coyote.AbstractProtocol.destroy Destroying ProtocolHandler ["http-nio-8080"]
NOTE: Picked up JDK_JAVA_OPTIONS:  --add-opens=java.base/java.lang=ALL-UNNAMED --add-opens=java.base/java.io=ALL-UNNAMED --add-opens=java.base/java.util=ALL-UNNAMED --add-opens=java.base/java.util.concurrent=ALL-UNNAMED --add-opens=java.rmi/sun.rmi.transport=ALL-UNNAMED
13-Oct-2022 02:48:56.816 INFO [main] org.apache.catalina.startup.VersionLoggerListener.log Server version name:   Apache Tomcat/9.0.67
13-Oct-2022 02:48:56.819 INFO [main] org.apache.catalina.startup.VersionLoggerListener.log Server built:          Sep 23 2022 11:22:29 UTC
13-Oct-2022 02:48:56.819 INFO [main] org.apache.catalina.startup.VersionLoggerListener.log Server version number: 9.0.67.0
13-Oct-2022 02:48:56.819 INFO [main] org.apache.catalina.startup.VersionLoggerListener.log OS Name:               Linux
13-Oct-2022 02:48:56.819 INFO [main] org.apache.catalina.startup.VersionLoggerListener.log OS Version:            5.19.0-76051900-generic
13-Oct-2022 02:48:56.819 INFO [main] org.apache.catalina.startup.VersionLoggerListener.log Architecture:          amd64
13-Oct-2022 02:48:56.819 INFO [main] org.apache.catalina.startup.VersionLoggerListener.log Java Home:             /usr/lib/jvm/java-17-openjdk-amd64
13-Oct-2022 02:48:56.819 INFO [main] org.apache.catalina.startup.VersionLoggerListener.log JVM Version:           17.0.4+8-Ubuntu-122.04
13-Oct-2022 02:48:56.820 INFO [main] org.apache.catalina.startup.VersionLoggerListener.log JVM Vendor:            Private Build
13-Oct-2022 02:48:56.820 INFO [main] org.apache.catalina.startup.VersionLoggerListener.log CATALINA_BASE:         /home/vicente/Documents/universidade/lei-ies/lab2/lab2_1/apache-tomcat-9.0.67
13-Oct-2022 02:48:56.820 INFO [main] org.apache.catalina.startup.VersionLoggerListener.log CATALINA_HOME:         /home/vicente/Documents/universidade/lei-ies/lab2/lab2_1/apache-tomcat-9.0.67
13-Oct-2022 02:48:56.829 INFO [main] org.apache.catalina.startup.VersionLoggerListener.log Command line argument: --add-opens=java.base/java.lang=ALL-UNNAMED
13-Oct-2022 02:48:56.829 INFO [main] org.apache.catalina.startup.VersionLoggerListener.log Command line argument: --add-opens=java.base/java.io=ALL-UNNAMED
13-Oct-2022 02:48:56.829 INFO [main] org.apache.catalina.startup.VersionLoggerListener.log Command line argument: --add-opens=java.base/java.util=ALL-UNNAMED
13-Oct-2022 02:48:56.829 INFO [main] org.apache.catalina.startup.VersionLoggerListener.log Command line argument: --add-opens=java.base/java.util.concurrent=ALL-UNNAMED
13-Oct-2022 02:48:56.830 INFO [main] org.apache.catalina.startup.VersionLoggerListener.log Command line argument: --add-opens=java.rmi/sun.rmi.transport=ALL-UNNAMED
13-Oct-2022 02:48:56.830 INFO [main] org.apache.catalina.startup.VersionLoggerListener.log Command line argument: -Djava.util.logging.config.file=/home/vicente/Documents/universidade/lei-ies/lab2/lab2_1/apache-tomcat-9.0.67/conf/logging.properties
13-Oct-2022 02:48:56.830 INFO [main] org.apache.catalina.startup.VersionLoggerListener.log Command line argument: -Djava.util.logging.manager=org.apache.juli.ClassLoaderLogManager
13-Oct-2022 02:48:56.830 INFO [main] org.apache.catalina.startup.VersionLoggerListener.log Command line argument: -Djdk.tls.ephemeralDHKeySize=2048
13-Oct-2022 02:48:56.830 INFO [main] org.apache.catalina.startup.VersionLoggerListener.log Command line argument: -Djava.protocol.handler.pkgs=org.apache.catalina.webresources
13-Oct-2022 02:48:56.830 INFO [main] org.apache.catalina.startup.VersionLoggerListener.log Command line argument: -Dorg.apache.catalina.security.SecurityListener.UMASK=0027
13-Oct-2022 02:48:56.830 INFO [main] org.apache.catalina.startup.VersionLoggerListener.log Command line argument: -Dignore.endorsed.dirs=
13-Oct-2022 02:48:56.830 INFO [main] org.apache.catalina.startup.VersionLoggerListener.log Command line argument: -Dcatalina.base=/home/vicente/Documents/universidade/lei-ies/lab2/lab2_1/apache-tomcat-9.0.67
13-Oct-2022 02:48:56.830 INFO [main] org.apache.catalina.startup.VersionLoggerListener.log Command line argument: -Dcatalina.home=/home/vicente/Documents/universidade/lei-ies/lab2/lab2_1/apache-tomcat-9.0.67
13-Oct-2022 02:48:56.830 INFO [main] org.apache.catalina.startup.VersionLoggerListener.log Command line argument: -Djava.io.tmpdir=/home/vicente/Documents/universidade/lei-ies/lab2/lab2_1/apache-tomcat-9.0.67/temp
13-Oct-2022 02:48:56.831 INFO [main] org.apache.catalina.core.AprLifecycleListener.lifecycleEvent The Apache Tomcat Native library which allows using OpenSSL was not found on the java.library.path: [/usr/java/packages/lib:/usr/lib/x86_64-linux-gnu/jni:/lib/x86_64-linux-gnu:/usr/lib/x86_64-linux-gnu:/usr/lib/jni:/lib:/usr/lib]
13-Oct-2022 02:48:57.016 INFO [main] org.apache.coyote.AbstractProtocol.init Initializing ProtocolHandler ["http-nio-8080"]
13-Oct-2022 02:48:57.031 INFO [main] org.apache.catalina.startup.Catalina.load Server initialization in [334] milliseconds
13-Oct-2022 02:48:57.055 INFO [main] org.apache.catalina.core.StandardService.startInternal Starting service [Catalina]
13-Oct-2022 02:48:57.056 INFO [main] org.apache.catalina.core.StandardEngine.startInternal Starting Servlet engine: [Apache Tomcat/9.0.67]
13-Oct-2022 02:48:57.065 INFO [main] org.apache.catalina.startup.HostConfig.deployWAR Deploying web application archive [/home/vicente/Documents/universidade/lei-ies/lab2/lab2_1/apache-tomcat-9.0.67/webapps/webapp-1.0-SNAPSHOT.war]
13-Oct-2022 02:48:57.254 INFO [main] org.apache.catalina.startup.HostConfig.deployWAR Deployment of web application archive [/home/vicente/Documents/universidade/lei-ies/lab2/lab2_1/apache-tomcat-9.0.67/webapps/webapp-1.0-SNAPSHOT.war] has finished in [189] ms
13-Oct-2022 02:48:57.255 INFO [main] org.apache.catalina.startup.HostConfig.deployDirectory Deploying web application directory [/home/vicente/Documents/universidade/lei-ies/lab2/lab2_1/apache-tomcat-9.0.67/webapps/ROOT]
13-Oct-2022 02:48:57.269 INFO [main] org.apache.catalina.startup.HostConfig.deployDirectory Deployment of web application directory [/home/vicente/Documents/universidade/lei-ies/lab2/lab2_1/apache-tomcat-9.0.67/webapps/ROOT] has finished in [14] ms
13-Oct-2022 02:48:57.270 INFO [main] org.apache.catalina.startup.HostConfig.deployDirectory Deploying web application directory [/home/vicente/Documents/universidade/lei-ies/lab2/lab2_1/apache-tomcat-9.0.67/webapps/docs]
13-Oct-2022 02:48:57.285 INFO [main] org.apache.catalina.startup.HostConfig.deployDirectory Deployment of web application directory [/home/vicente/Documents/universidade/lei-ies/lab2/lab2_1/apache-tomcat-9.0.67/webapps/docs] has finished in [14] ms
13-Oct-2022 02:48:57.285 INFO [main] org.apache.catalina.startup.HostConfig.deployDirectory Deploying web application directory [/home/vicente/Documents/universidade/lei-ies/lab2/lab2_1/apache-tomcat-9.0.67/webapps/host-manager]
13-Oct-2022 02:48:57.309 INFO [main] org.apache.catalina.startup.HostConfig.deployDirectory Deployment of web application directory [/home/vicente/Documents/universidade/lei-ies/lab2/lab2_1/apache-tomcat-9.0.67/webapps/host-manager] has finished in [24] ms
13-Oct-2022 02:48:57.309 INFO [main] org.apache.catalina.startup.HostConfig.deployDirectory Deploying web application directory [/home/vicente/Documents/universidade/lei-ies/lab2/lab2_1/apache-tomcat-9.0.67/webapps/manager]
13-Oct-2022 02:48:57.324 INFO [main] org.apache.catalina.startup.HostConfig.deployDirectory Deployment of web application directory [/home/vicente/Documents/universidade/lei-ies/lab2/lab2_1/apache-tomcat-9.0.67/webapps/manager] has finished in [14] ms
13-Oct-2022 02:48:57.324 INFO [main] org.apache.catalina.startup.HostConfig.deployDirectory Deploying web application directory [/home/vicente/Documents/universidade/lei-ies/lab2/lab2_1/apache-tomcat-9.0.67/webapps/examples]
13-Oct-2022 02:48:57.480 INFO [main] org.apache.catalina.startup.HostConfig.deployDirectory Deployment of web application directory [/home/vicente/Documents/universidade/lei-ies/lab2/lab2_1/apache-tomcat-9.0.67/webapps/examples] has finished in [156] ms
13-Oct-2022 02:48:57.482 INFO [main] org.apache.coyote.AbstractProtocol.start Starting ProtocolHandler ["http-nio-8080"]
13-Oct-2022 02:48:57.492 INFO [main] org.apache.catalina.startup.Catalina.start Server startup in [460] milliseconds
13-Oct-2022 02:59:58.635 INFO [Thread-1] org.apache.coyote.AbstractProtocol.pause Pausing ProtocolHandler ["http-nio-8080"]
13-Oct-2022 02:59:58.644 INFO [Thread-1] org.apache.catalina.core.StandardService.stopInternal Stopping service [Catalina]
13-Oct-2022 02:59:58.669 INFO [Thread-1] org.apache.coyote.AbstractProtocol.stop Stopping ProtocolHandler ["http-nio-8080"]
13-Oct-2022 02:59:58.677 INFO [Thread-1] org.apache.coyote.AbstractProtocol.destroy Destroying ProtocolHandler ["http-nio-8080"]
NOTE: Picked up JDK_JAVA_OPTIONS:  --add-opens=java.base/java.lang=ALL-UNNAMED --add-opens=java.base/java.io=ALL-UNNAMED --add-opens=java.base/java.util=ALL-UNNAMED --add-opens=java.base/java.util.concurrent=ALL-UNNAMED --add-opens=java.rmi/sun.rmi.transport=ALL-UNNAMED
13-Oct-2022 09:18:46.060 INFO [main] org.apache.catalina.startup.VersionLoggerListener.log Server version name:   Apache Tomcat/9.0.67
13-Oct-2022 09:18:46.063 INFO [main] org.apache.catalina.startup.VersionLoggerListener.log Server built:          Sep 23 2022 11:22:29 UTC
13-Oct-2022 09:18:46.064 INFO [main] org.apache.catalina.startup.VersionLoggerListener.log Server version number: 9.0.67.0
13-Oct-2022 09:18:46.064 INFO [main] org.apache.catalina.startup.VersionLoggerListener.log OS Name:               Linux
13-Oct-2022 09:18:46.064 INFO [main] org.apache.catalina.startup.VersionLoggerListener.log OS Version:            5.19.0-76051900-generic
13-Oct-2022 09:18:46.064 INFO [main] org.apache.catalina.startup.VersionLoggerListener.log Architecture:          amd64
13-Oct-2022 09:18:46.064 INFO [main] org.apache.catalina.startup.VersionLoggerListener.log Java Home:             /usr/lib/jvm/java-17-openjdk-amd64
13-Oct-2022 09:18:46.064 INFO [main] org.apache.catalina.startup.VersionLoggerListener.log JVM Version:           17.0.4+8-Ubuntu-122.04
13-Oct-2022 09:18:46.064 INFO [main] org.apache.catalina.startup.VersionLoggerListener.log JVM Vendor:            Private Build
13-Oct-2022 09:18:46.064 INFO [main] org.apache.catalina.startup.VersionLoggerListener.log CATALINA_BASE:         /home/vicente/Documents/universidade/lei-ies/lab2/lab2_1/apache-tomcat-9.0.67
13-Oct-2022 09:18:46.065 INFO [main] org.apache.catalina.startup.VersionLoggerListener.log CATALINA_HOME:         /home/vicente/Documents/universidade/lei-ies/lab2/lab2_1/apache-tomcat-9.0.67
13-Oct-2022 09:18:46.076 INFO [main] org.apache.catalina.startup.VersionLoggerListener.log Command line argument: --add-opens=java.base/java.lang=ALL-UNNAMED
13-Oct-2022 09:18:46.076 INFO [main] org.apache.catalina.startup.VersionLoggerListener.log Command line argument: --add-opens=java.base/java.io=ALL-UNNAMED
13-Oct-2022 09:18:46.076 INFO [main] org.apache.catalina.startup.VersionLoggerListener.log Command line argument: --add-opens=java.base/java.util=ALL-UNNAMED
13-Oct-2022 09:18:46.076 INFO [main] org.apache.catalina.startup.VersionLoggerListener.log Command line argument: --add-opens=java.base/java.util.concurrent=ALL-UNNAMED
13-Oct-2022 09:18:46.076 INFO [main] org.apache.catalina.startup.VersionLoggerListener.log Command line argument: --add-opens=java.rmi/sun.rmi.transport=ALL-UNNAMED
13-Oct-2022 09:18:46.076 INFO [main] org.apache.catalina.startup.VersionLoggerListener.log Command line argument: -Djava.util.logging.config.file=/home/vicente/Documents/universidade/lei-ies/lab2/lab2_1/apache-tomcat-9.0.67/conf/logging.properties
13-Oct-2022 09:18:46.077 INFO [main] org.apache.catalina.startup.VersionLoggerListener.log Command line argument: -Djava.util.logging.manager=org.apache.juli.ClassLoaderLogManager
13-Oct-2022 09:18:46.077 INFO [main] org.apache.catalina.startup.VersionLoggerListener.log Command line argument: -Djdk.tls.ephemeralDHKeySize=2048
13-Oct-2022 09:18:46.077 INFO [main] org.apache.catalina.startup.VersionLoggerListener.log Command line argument: -Djava.protocol.handler.pkgs=org.apache.catalina.webresources
13-Oct-2022 09:18:46.077 INFO [main] org.apache.catalina.startup.VersionLoggerListener.log Command line argument: -Dorg.apache.catalina.security.SecurityListener.UMASK=0027
13-Oct-2022 09:18:46.077 INFO [main] org.apache.catalina.startup.VersionLoggerListener.log Command line argument: -Dignore.endorsed.dirs=
13-Oct-2022 09:18:46.077 INFO [main] org.apache.catalina.startup.VersionLoggerListener.log Command line argument: -Dcatalina.base=/home/vicente/Documents/universidade/lei-ies/lab2/lab2_1/apache-tomcat-9.0.67
13-Oct-2022 09:18:46.077 INFO [main] org.apache.catalina.startup.VersionLoggerListener.log Command line argument: -Dcatalina.home=/home/vicente/Documents/universidade/lei-ies/lab2/lab2_1/apache-tomcat-9.0.67
13-Oct-2022 09:18:46.077 INFO [main] org.apache.catalina.startup.VersionLoggerListener.log Command line argument: -Djava.io.tmpdir=/home/vicente/Documents/universidade/lei-ies/lab2/lab2_1/apache-tomcat-9.0.67/temp
13-Oct-2022 09:18:46.079 INFO [main] org.apache.catalina.core.AprLifecycleListener.lifecycleEvent The Apache Tomcat Native library which allows using OpenSSL was not found on the java.library.path: [/usr/java/packages/lib:/usr/lib/x86_64-linux-gnu/jni:/lib/x86_64-linux-gnu:/usr/lib/x86_64-linux-gnu:/usr/lib/jni:/lib:/usr/lib]
13-Oct-2022 09:18:46.348 INFO [main] org.apache.coyote.AbstractProtocol.init Initializing ProtocolHandler ["http-nio-8080"]
13-Oct-2022 09:18:46.370 INFO [main] org.apache.catalina.startup.Catalina.load Server initialization in [512] milliseconds
13-Oct-2022 09:18:46.403 INFO [main] org.apache.catalina.core.StandardService.startInternal Starting service [Catalina]
13-Oct-2022 09:18:46.404 INFO [main] org.apache.catalina.core.StandardEngine.startInternal Starting Servlet engine: [Apache Tomcat/9.0.67]
13-Oct-2022 09:18:46.415 INFO [main] org.apache.catalina.startup.HostConfig.deployWAR Deploying web application archive [/home/vicente/Documents/universidade/lei-ies/lab2/lab2_1/apache-tomcat-9.0.67/webapps/webapp-1.0-SNAPSHOT.war]
13-Oct-2022 09:18:46.640 INFO [main] org.apache.catalina.startup.HostConfig.deployWAR Deployment of web application archive [/home/vicente/Documents/universidade/lei-ies/lab2/lab2_1/apache-tomcat-9.0.67/webapps/webapp-1.0-SNAPSHOT.war] has finished in [224] ms
13-Oct-2022 09:18:46.640 INFO [main] org.apache.catalina.startup.HostConfig.deployDirectory Deploying web application directory [/home/vicente/Documents/universidade/lei-ies/lab2/lab2_1/apache-tomcat-9.0.67/webapps/ROOT]
13-Oct-2022 09:18:46.656 INFO [main] org.apache.catalina.startup.HostConfig.deployDirectory Deployment of web application directory [/home/vicente/Documents/universidade/lei-ies/lab2/lab2_1/apache-tomcat-9.0.67/webapps/ROOT] has finished in [16] ms
13-Oct-2022 09:18:46.656 INFO [main] org.apache.catalina.startup.HostConfig.deployDirectory Deploying web application directory [/home/vicente/Documents/universidade/lei-ies/lab2/lab2_1/apache-tomcat-9.0.67/webapps/docs]
13-Oct-2022 09:18:46.672 INFO [main] org.apache.catalina.startup.HostConfig.deployDirectory Deployment of web application directory [/home/vicente/Documents/universidade/lei-ies/lab2/lab2_1/apache-tomcat-9.0.67/webapps/docs] has finished in [16] ms
13-Oct-2022 09:18:46.672 INFO [main] org.apache.catalina.startup.HostConfig.deployDirectory Deploying web application directory [/home/vicente/Documents/universidade/lei-ies/lab2/lab2_1/apache-tomcat-9.0.67/webapps/host-manager]
13-Oct-2022 09:18:46.701 INFO [main] org.apache.catalina.startup.HostConfig.deployDirectory Deployment of web application directory [/home/vicente/Documents/universidade/lei-ies/lab2/lab2_1/apache-tomcat-9.0.67/webapps/host-manager] has finished in [29] ms
13-Oct-2022 09:18:46.702 INFO [main] org.apache.catalina.startup.HostConfig.deployDirectory Deploying web application directory [/home/vicente/Documents/universidade/lei-ies/lab2/lab2_1/apache-tomcat-9.0.67/webapps/manager]
13-Oct-2022 09:18:46.735 INFO [main] org.apache.catalina.startup.HostConfig.deployDirectory Deployment of web application directory [/home/vicente/Documents/universidade/lei-ies/lab2/lab2_1/apache-tomcat-9.0.67/webapps/manager] has finished in [33] ms
13-Oct-2022 09:18:46.736 INFO [main] org.apache.catalina.startup.HostConfig.deployDirectory Deploying web application directory [/home/vicente/Documents/universidade/lei-ies/lab2/lab2_1/apache-tomcat-9.0.67/webapps/examples]
13-Oct-2022 09:18:46.931 INFO [main] org.apache.catalina.startup.HostConfig.deployDirectory Deployment of web application directory [/home/vicente/Documents/universidade/lei-ies/lab2/lab2_1/apache-tomcat-9.0.67/webapps/examples] has finished in [195] ms
13-Oct-2022 09:18:46.933 INFO [main] org.apache.coyote.AbstractProtocol.start Starting ProtocolHandler ["http-nio-8080"]
13-Oct-2022 09:18:46.944 INFO [main] org.apache.catalina.startup.Catalina.start Server startup in [574] milliseconds
13-Oct-2022 10:07:07.962 WARNING [main] org.apache.catalina.core.StandardServer.await Invalid shutdown command [] received
13-Oct-2022 10:08:10.644 INFO [main] org.apache.catalina.core.StandardServer.await A valid shutdown command was received via the shutdown port. Stopping the Server instance.
13-Oct-2022 10:08:10.644 INFO [main] org.apache.coyote.AbstractProtocol.pause Pausing ProtocolHandler ["http-nio-8080"]
13-Oct-2022 10:08:10.647 INFO [main] org.apache.catalina.core.StandardService.stopInternal Stopping service [Catalina]
13-Oct-2022 10:08:10.667 INFO [main] org.apache.coyote.AbstractProtocol.stop Stopping ProtocolHandler ["http-nio-8080"]
13-Oct-2022 10:08:10.670 INFO [main] org.apache.coyote.AbstractProtocol.destroy Destroying ProtocolHandler ["http-nio-8080"]
