13-Oct-2022 02:48:56.816 INFO [main] org.apache.catalina.startup.VersionLoggerListener.log Server version name:   Apache Tomcat/9.0.67
13-Oct-2022 02:48:56.819 INFO [main] org.apache.catalina.startup.VersionLoggerListener.log Server built:          Sep 23 2022 11:22:29 UTC
13-Oct-2022 02:48:56.819 INFO [main] org.apache.catalina.startup.VersionLoggerListener.log Server version number: 9.0.67.0
13-Oct-2022 02:48:56.819 INFO [main] org.apache.catalina.startup.VersionLoggerListener.log OS Name:               Linux
13-Oct-2022 02:48:56.819 INFO [main] org.apache.catalina.startup.VersionLoggerListener.log OS Version:            5.19.0-76051900-generic
13-Oct-2022 02:48:56.819 INFO [main] org.apache.catalina.startup.VersionLoggerListener.log Architecture:          amd64
13-Oct-2022 02:48:56.819 INFO [main] org.apache.catalina.startup.VersionLoggerListener.log Java Home:             /usr/lib/jvm/java-17-openjdk-amd64
13-Oct-2022 02:48:56.819 INFO [main] org.apache.catalina.startup.VersionLoggerListener.log JVM Version:           17.0.4+8-Ubuntu-122.04
13-Oct-2022 02:48:56.820 INFO [main] org.apache.catalina.startup.VersionLoggerListener.log JVM Vendor:            Private Build
13-Oct-2022 02:48:56.820 INFO [main] org.apache.catalina.startup.VersionLoggerListener.log CATALINA_BASE:         /home/vicente/Documents/universidade/lei-ies/lab2/lab2_1/apache-tomcat-9.0.67
13-Oct-2022 02:48:56.820 INFO [main] org.apache.catalina.startup.VersionLoggerListener.log CATALINA_HOME:         /home/vicente/Documents/universidade/lei-ies/lab2/lab2_1/apache-tomcat-9.0.67
13-Oct-2022 02:48:56.829 INFO [main] org.apache.catalina.startup.VersionLoggerListener.log Command line argument: --add-opens=java.base/java.lang=ALL-UNNAMED
13-Oct-2022 02:48:56.829 INFO [main] org.apache.catalina.startup.VersionLoggerListener.log Command line argument: --add-opens=java.base/java.io=ALL-UNNAMED
13-Oct-2022 02:48:56.829 INFO [main] org.apache.catalina.startup.VersionLoggerListener.log Command line argument: --add-opens=java.base/java.util=ALL-UNNAMED
13-Oct-2022 02:48:56.829 INFO [main] org.apache.catalina.startup.VersionLoggerListener.log Command line argument: --add-opens=java.base/java.util.concurrent=ALL-UNNAMED
13-Oct-2022 02:48:56.830 INFO [main] org.apache.catalina.startup.VersionLoggerListener.log Command line argument: --add-opens=java.rmi/sun.rmi.transport=ALL-UNNAMED
13-Oct-2022 02:48:56.830 INFO [main] org.apache.catalina.startup.VersionLoggerListener.log Command line argument: -Djava.util.logging.config.file=/home/vicente/Documents/universidade/lei-ies/lab2/lab2_1/apache-tomcat-9.0.67/conf/logging.properties
13-Oct-2022 02:48:56.830 INFO [main] org.apache.catalina.startup.VersionLoggerListener.log Command line argument: -Djava.util.logging.manager=org.apache.juli.ClassLoaderLogManager
13-Oct-2022 02:48:56.830 INFO [main] org.apache.catalina.startup.VersionLoggerListener.log Command line argument: -Djdk.tls.ephemeralDHKeySize=2048
13-Oct-2022 02:48:56.830 INFO [main] org.apache.catalina.startup.VersionLoggerListener.log Command line argument: -Djava.protocol.handler.pkgs=org.apache.catalina.webresources
13-Oct-2022 02:48:56.830 INFO [main] org.apache.catalina.startup.VersionLoggerListener.log Command line argument: -Dorg.apache.catalina.security.SecurityListener.UMASK=0027
13-Oct-2022 02:48:56.830 INFO [main] org.apache.catalina.startup.VersionLoggerListener.log Command line argument: -Dignore.endorsed.dirs=
13-Oct-2022 02:48:56.830 INFO [main] org.apache.catalina.startup.VersionLoggerListener.log Command line argument: -Dcatalina.base=/home/vicente/Documents/universidade/lei-ies/lab2/lab2_1/apache-tomcat-9.0.67
13-Oct-2022 02:48:56.830 INFO [main] org.apache.catalina.startup.VersionLoggerListener.log Command line argument: -Dcatalina.home=/home/vicente/Documents/universidade/lei-ies/lab2/lab2_1/apache-tomcat-9.0.67
13-Oct-2022 02:48:56.830 INFO [main] org.apache.catalina.startup.VersionLoggerListener.log Command line argument: -Djava.io.tmpdir=/home/vicente/Documents/universidade/lei-ies/lab2/lab2_1/apache-tomcat-9.0.67/temp
13-Oct-2022 02:48:56.831 INFO [main] org.apache.catalina.core.AprLifecycleListener.lifecycleEvent The Apache Tomcat Native library which allows using OpenSSL was not found on the java.library.path: [/usr/java/packages/lib:/usr/lib/x86_64-linux-gnu/jni:/lib/x86_64-linux-gnu:/usr/lib/x86_64-linux-gnu:/usr/lib/jni:/lib:/usr/lib]
13-Oct-2022 02:48:57.016 INFO [main] org.apache.coyote.AbstractProtocol.init Initializing ProtocolHandler ["http-nio-8080"]
13-Oct-2022 02:48:57.031 INFO [main] org.apache.catalina.startup.Catalina.load Server initialization in [334] milliseconds
13-Oct-2022 02:48:57.055 INFO [main] org.apache.catalina.core.StandardService.startInternal Starting service [Catalina]
13-Oct-2022 02:48:57.056 INFO [main] org.apache.catalina.core.StandardEngine.startInternal Starting Servlet engine: [Apache Tomcat/9.0.67]
13-Oct-2022 02:48:57.065 INFO [main] org.apache.catalina.startup.HostConfig.deployWAR Deploying web application archive [/home/vicente/Documents/universidade/lei-ies/lab2/lab2_1/apache-tomcat-9.0.67/webapps/webapp-1.0-SNAPSHOT.war]
13-Oct-2022 02:48:57.254 INFO [main] org.apache.catalina.startup.HostConfig.deployWAR Deployment of web application archive [/home/vicente/Documents/universidade/lei-ies/lab2/lab2_1/apache-tomcat-9.0.67/webapps/webapp-1.0-SNAPSHOT.war] has finished in [189] ms
13-Oct-2022 02:48:57.255 INFO [main] org.apache.catalina.startup.HostConfig.deployDirectory Deploying web application directory [/home/vicente/Documents/universidade/lei-ies/lab2/lab2_1/apache-tomcat-9.0.67/webapps/ROOT]
13-Oct-2022 02:48:57.269 INFO [main] org.apache.catalina.startup.HostConfig.deployDirectory Deployment of web application directory [/home/vicente/Documents/universidade/lei-ies/lab2/lab2_1/apache-tomcat-9.0.67/webapps/ROOT] has finished in [14] ms
13-Oct-2022 02:48:57.270 INFO [main] org.apache.catalina.startup.HostConfig.deployDirectory Deploying web application directory [/home/vicente/Documents/universidade/lei-ies/lab2/lab2_1/apache-tomcat-9.0.67/webapps/docs]
13-Oct-2022 02:48:57.285 INFO [main] org.apache.catalina.startup.HostConfig.deployDirectory Deployment of web application directory [/home/vicente/Documents/universidade/lei-ies/lab2/lab2_1/apache-tomcat-9.0.67/webapps/docs] has finished in [14] ms
13-Oct-2022 02:48:57.285 INFO [main] org.apache.catalina.startup.HostConfig.deployDirectory Deploying web application directory [/home/vicente/Documents/universidade/lei-ies/lab2/lab2_1/apache-tomcat-9.0.67/webapps/host-manager]
13-Oct-2022 02:48:57.309 INFO [main] org.apache.catalina.startup.HostConfig.deployDirectory Deployment of web application directory [/home/vicente/Documents/universidade/lei-ies/lab2/lab2_1/apache-tomcat-9.0.67/webapps/host-manager] has finished in [24] ms
13-Oct-2022 02:48:57.309 INFO [main] org.apache.catalina.startup.HostConfig.deployDirectory Deploying web application directory [/home/vicente/Documents/universidade/lei-ies/lab2/lab2_1/apache-tomcat-9.0.67/webapps/manager]
13-Oct-2022 02:48:57.324 INFO [main] org.apache.catalina.startup.HostConfig.deployDirectory Deployment of web application directory [/home/vicente/Documents/universidade/lei-ies/lab2/lab2_1/apache-tomcat-9.0.67/webapps/manager] has finished in [14] ms
13-Oct-2022 02:48:57.324 INFO [main] org.apache.catalina.startup.HostConfig.deployDirectory Deploying web application directory [/home/vicente/Documents/universidade/lei-ies/lab2/lab2_1/apache-tomcat-9.0.67/webapps/examples]
13-Oct-2022 02:48:57.480 INFO [main] org.apache.catalina.startup.HostConfig.deployDirectory Deployment of web application directory [/home/vicente/Documents/universidade/lei-ies/lab2/lab2_1/apache-tomcat-9.0.67/webapps/examples] has finished in [156] ms
13-Oct-2022 02:48:57.482 INFO [main] org.apache.coyote.AbstractProtocol.start Starting ProtocolHandler ["http-nio-8080"]
13-Oct-2022 02:48:57.492 INFO [main] org.apache.catalina.startup.Catalina.start Server startup in [460] milliseconds
13-Oct-2022 02:59:58.635 INFO [Thread-1] org.apache.coyote.AbstractProtocol.pause Pausing ProtocolHandler ["http-nio-8080"]
13-Oct-2022 02:59:58.644 INFO [Thread-1] org.apache.catalina.core.StandardService.stopInternal Stopping service [Catalina]
13-Oct-2022 02:59:58.669 INFO [Thread-1] org.apache.coyote.AbstractProtocol.stop Stopping ProtocolHandler ["http-nio-8080"]
13-Oct-2022 02:59:58.677 INFO [Thread-1] org.apache.coyote.AbstractProtocol.destroy Destroying ProtocolHandler ["http-nio-8080"]
13-Oct-2022 09:18:46.060 INFO [main] org.apache.catalina.startup.VersionLoggerListener.log Server version name:   Apache Tomcat/9.0.67
13-Oct-2022 09:18:46.063 INFO [main] org.apache.catalina.startup.VersionLoggerListener.log Server built:          Sep 23 2022 11:22:29 UTC
13-Oct-2022 09:18:46.064 INFO [main] org.apache.catalina.startup.VersionLoggerListener.log Server version number: 9.0.67.0
13-Oct-2022 09:18:46.064 INFO [main] org.apache.catalina.startup.VersionLoggerListener.log OS Name:               Linux
13-Oct-2022 09:18:46.064 INFO [main] org.apache.catalina.startup.VersionLoggerListener.log OS Version:            5.19.0-76051900-generic
13-Oct-2022 09:18:46.064 INFO [main] org.apache.catalina.startup.VersionLoggerListener.log Architecture:          amd64
13-Oct-2022 09:18:46.064 INFO [main] org.apache.catalina.startup.VersionLoggerListener.log Java Home:             /usr/lib/jvm/java-17-openjdk-amd64
13-Oct-2022 09:18:46.064 INFO [main] org.apache.catalina.startup.VersionLoggerListener.log JVM Version:           17.0.4+8-Ubuntu-122.04
13-Oct-2022 09:18:46.064 INFO [main] org.apache.catalina.startup.VersionLoggerListener.log JVM Vendor:            Private Build
13-Oct-2022 09:18:46.064 INFO [main] org.apache.catalina.startup.VersionLoggerListener.log CATALINA_BASE:         /home/vicente/Documents/universidade/lei-ies/lab2/lab2_1/apache-tomcat-9.0.67
13-Oct-2022 09:18:46.065 INFO [main] org.apache.catalina.startup.VersionLoggerListener.log CATALINA_HOME:         /home/vicente/Documents/universidade/lei-ies/lab2/lab2_1/apache-tomcat-9.0.67
13-Oct-2022 09:18:46.076 INFO [main] org.apache.catalina.startup.VersionLoggerListener.log Command line argument: --add-opens=java.base/java.lang=ALL-UNNAMED
13-Oct-2022 09:18:46.076 INFO [main] org.apache.catalina.startup.VersionLoggerListener.log Command line argument: --add-opens=java.base/java.io=ALL-UNNAMED
13-Oct-2022 09:18:46.076 INFO [main] org.apache.catalina.startup.VersionLoggerListener.log Command line argument: --add-opens=java.base/java.util=ALL-UNNAMED
13-Oct-2022 09:18:46.076 INFO [main] org.apache.catalina.startup.VersionLoggerListener.log Command line argument: --add-opens=java.base/java.util.concurrent=ALL-UNNAMED
13-Oct-2022 09:18:46.076 INFO [main] org.apache.catalina.startup.VersionLoggerListener.log Command line argument: --add-opens=java.rmi/sun.rmi.transport=ALL-UNNAMED
13-Oct-2022 09:18:46.076 INFO [main] org.apache.catalina.startup.VersionLoggerListener.log Command line argument: -Djava.util.logging.config.file=/home/vicente/Documents/universidade/lei-ies/lab2/lab2_1/apache-tomcat-9.0.67/conf/logging.properties
13-Oct-2022 09:18:46.077 INFO [main] org.apache.catalina.startup.VersionLoggerListener.log Command line argument: -Djava.util.logging.manager=org.apache.juli.ClassLoaderLogManager
13-Oct-2022 09:18:46.077 INFO [main] org.apache.catalina.startup.VersionLoggerListener.log Command line argument: -Djdk.tls.ephemeralDHKeySize=2048
13-Oct-2022 09:18:46.077 INFO [main] org.apache.catalina.startup.VersionLoggerListener.log Command line argument: -Djava.protocol.handler.pkgs=org.apache.catalina.webresources
13-Oct-2022 09:18:46.077 INFO [main] org.apache.catalina.startup.VersionLoggerListener.log Command line argument: -Dorg.apache.catalina.security.SecurityListener.UMASK=0027
13-Oct-2022 09:18:46.077 INFO [main] org.apache.catalina.startup.VersionLoggerListener.log Command line argument: -Dignore.endorsed.dirs=
13-Oct-2022 09:18:46.077 INFO [main] org.apache.catalina.startup.VersionLoggerListener.log Command line argument: -Dcatalina.base=/home/vicente/Documents/universidade/lei-ies/lab2/lab2_1/apache-tomcat-9.0.67
13-Oct-2022 09:18:46.077 INFO [main] org.apache.catalina.startup.VersionLoggerListener.log Command line argument: -Dcatalina.home=/home/vicente/Documents/universidade/lei-ies/lab2/lab2_1/apache-tomcat-9.0.67
13-Oct-2022 09:18:46.077 INFO [main] org.apache.catalina.startup.VersionLoggerListener.log Command line argument: -Djava.io.tmpdir=/home/vicente/Documents/universidade/lei-ies/lab2/lab2_1/apache-tomcat-9.0.67/temp
13-Oct-2022 09:18:46.079 INFO [main] org.apache.catalina.core.AprLifecycleListener.lifecycleEvent The Apache Tomcat Native library which allows using OpenSSL was not found on the java.library.path: [/usr/java/packages/lib:/usr/lib/x86_64-linux-gnu/jni:/lib/x86_64-linux-gnu:/usr/lib/x86_64-linux-gnu:/usr/lib/jni:/lib:/usr/lib]
13-Oct-2022 09:18:46.348 INFO [main] org.apache.coyote.AbstractProtocol.init Initializing ProtocolHandler ["http-nio-8080"]
13-Oct-2022 09:18:46.370 INFO [main] org.apache.catalina.startup.Catalina.load Server initialization in [512] milliseconds
13-Oct-2022 09:18:46.403 INFO [main] org.apache.catalina.core.StandardService.startInternal Starting service [Catalina]
13-Oct-2022 09:18:46.404 INFO [main] org.apache.catalina.core.StandardEngine.startInternal Starting Servlet engine: [Apache Tomcat/9.0.67]
13-Oct-2022 09:18:46.415 INFO [main] org.apache.catalina.startup.HostConfig.deployWAR Deploying web application archive [/home/vicente/Documents/universidade/lei-ies/lab2/lab2_1/apache-tomcat-9.0.67/webapps/webapp-1.0-SNAPSHOT.war]
13-Oct-2022 09:18:46.640 INFO [main] org.apache.catalina.startup.HostConfig.deployWAR Deployment of web application archive [/home/vicente/Documents/universidade/lei-ies/lab2/lab2_1/apache-tomcat-9.0.67/webapps/webapp-1.0-SNAPSHOT.war] has finished in [224] ms
13-Oct-2022 09:18:46.640 INFO [main] org.apache.catalina.startup.HostConfig.deployDirectory Deploying web application directory [/home/vicente/Documents/universidade/lei-ies/lab2/lab2_1/apache-tomcat-9.0.67/webapps/ROOT]
13-Oct-2022 09:18:46.656 INFO [main] org.apache.catalina.startup.HostConfig.deployDirectory Deployment of web application directory [/home/vicente/Documents/universidade/lei-ies/lab2/lab2_1/apache-tomcat-9.0.67/webapps/ROOT] has finished in [16] ms
13-Oct-2022 09:18:46.656 INFO [main] org.apache.catalina.startup.HostConfig.deployDirectory Deploying web application directory [/home/vicente/Documents/universidade/lei-ies/lab2/lab2_1/apache-tomcat-9.0.67/webapps/docs]
13-Oct-2022 09:18:46.672 INFO [main] org.apache.catalina.startup.HostConfig.deployDirectory Deployment of web application directory [/home/vicente/Documents/universidade/lei-ies/lab2/lab2_1/apache-tomcat-9.0.67/webapps/docs] has finished in [16] ms
13-Oct-2022 09:18:46.672 INFO [main] org.apache.catalina.startup.HostConfig.deployDirectory Deploying web application directory [/home/vicente/Documents/universidade/lei-ies/lab2/lab2_1/apache-tomcat-9.0.67/webapps/host-manager]
13-Oct-2022 09:18:46.701 INFO [main] org.apache.catalina.startup.HostConfig.deployDirectory Deployment of web application directory [/home/vicente/Documents/universidade/lei-ies/lab2/lab2_1/apache-tomcat-9.0.67/webapps/host-manager] has finished in [29] ms
13-Oct-2022 09:18:46.702 INFO [main] org.apache.catalina.startup.HostConfig.deployDirectory Deploying web application directory [/home/vicente/Documents/universidade/lei-ies/lab2/lab2_1/apache-tomcat-9.0.67/webapps/manager]
13-Oct-2022 09:18:46.735 INFO [main] org.apache.catalina.startup.HostConfig.deployDirectory Deployment of web application directory [/home/vicente/Documents/universidade/lei-ies/lab2/lab2_1/apache-tomcat-9.0.67/webapps/manager] has finished in [33] ms
13-Oct-2022 09:18:46.736 INFO [main] org.apache.catalina.startup.HostConfig.deployDirectory Deploying web application directory [/home/vicente/Documents/universidade/lei-ies/lab2/lab2_1/apache-tomcat-9.0.67/webapps/examples]
13-Oct-2022 09:18:46.931 INFO [main] org.apache.catalina.startup.HostConfig.deployDirectory Deployment of web application directory [/home/vicente/Documents/universidade/lei-ies/lab2/lab2_1/apache-tomcat-9.0.67/webapps/examples] has finished in [195] ms
13-Oct-2022 09:18:46.933 INFO [main] org.apache.coyote.AbstractProtocol.start Starting ProtocolHandler ["http-nio-8080"]
13-Oct-2022 09:18:46.944 INFO [main] org.apache.catalina.startup.Catalina.start Server startup in [574] milliseconds
13-Oct-2022 10:07:07.962 WARNING [main] org.apache.catalina.core.StandardServer.await Invalid shutdown command [] received
13-Oct-2022 10:08:10.644 INFO [main] org.apache.catalina.core.StandardServer.await A valid shutdown command was received via the shutdown port. Stopping the Server instance.
13-Oct-2022 10:08:10.644 INFO [main] org.apache.coyote.AbstractProtocol.pause Pausing ProtocolHandler ["http-nio-8080"]
13-Oct-2022 10:08:10.647 INFO [main] org.apache.catalina.core.StandardService.stopInternal Stopping service [Catalina]
13-Oct-2022 10:08:10.667 INFO [main] org.apache.coyote.AbstractProtocol.stop Stopping ProtocolHandler ["http-nio-8080"]
13-Oct-2022 10:08:10.670 INFO [main] org.apache.coyote.AbstractProtocol.destroy Destroying ProtocolHandler ["http-nio-8080"]
